03:56:55,634 DEBUG Collections:195 - Collection found: [tyovuoro.model.Role.userRoles#3], was: [tyovuoro.model.Role.userRoles#3] (uninitialized)
03:56:55,635 DEBUG AbstractFlushingEventListener:118 - Flushed: 0 insertions, 0 updates, 0 deletions to 3 objects
03:56:55,635 DEBUG AbstractFlushingEventListener:125 - Flushed: 0 (re)creations, 0 updates, 0 removals to 3 collections
03:56:55,637 DEBUG EntityPrinter:114 - Listing entities:
03:56:55,638 DEBUG EntityPrinter:121 - tyovuoro.model.Role{id=2, userRoles=<uninitialized>, role_name=user}
03:56:55,638 DEBUG EntityPrinter:121 - tyovuoro.model.Role{id=1, userRoles=<uninitialized>, role_name=admin}
03:56:55,639 DEBUG EntityPrinter:121 - tyovuoro.model.Role{id=3, userRoles=<uninitialized>, role_name=pharmacy}
03:56:55,640 DEBUG JdbcTransaction:113 - committed JDBC Connection
03:56:55,640 DEBUG JdbcTransaction:126 - re-enabling autocommit
03:56:55,641 DEBUG HibernateTransactionManager:564 - Not closing pre-bound Hibernate Session [SessionImpl(PersistenceContext[entityKeys=[EntityKey[tyovuoro.model.Role#2], EntityKey[tyovuoro.model.Role#1], EntityKey[tyovuoro.model.Role#3]],collectionKeys=[CollectionKey[tyovuoro.model.Role.userRoles#2], CollectionKey[tyovuoro.model.Role.userRoles#1], CollectionKey[tyovuoro.model.Role.userRoles#3]]];ActionQueue[insertions=[] updates=[] deletions=[] collectionCreations=[] collectionRemovals=[] collectionUpdates=[] collectionQueuedOps=[] unresolvedInsertDependencies=UnresolvedEntityInsertActions[]])] after transaction
03:56:55,641 DEBUG SessionImpl:566 - Disconnecting session
03:56:55,641 DEBUG LogicalConnectionImpl:232 - Releasing JDBC connection
03:56:55,642 DEBUG LogicalConnectionImpl:250 - Released JDBC connection
03:56:55,642 DEBUG DefaultListableBeanFactory:1498 - Invoking afterPropertiesSet() on bean with name 'admin/users/create'
03:56:55,642 DEBUG DefaultListableBeanFactory:245 - Returning cached instance of singleton bean 'org.springframework.security.methodSecurityMetadataSourceAdvisor'
03:56:55,642 DEBUG DefaultListableBeanFactory:245 - Returning cached instance of singleton bean 'org.springframework.transaction.config.internalTransactionAdvisor'
03:56:55,643 DEBUG DispatcherServlet:1178 - Rendering view [org.springframework.web.servlet.view.JstlView: name 'admin/users/create'; URL [/WEB-INF/views/admin/users/create.jsp]] in DispatcherServlet with name 'Tyovuoro-servlet'
03:56:55,643 DEBUG JstlView:371 - Added model object 'roleList' of type [java.util.ArrayList] to request in view with name 'admin/users/create'
03:56:55,643 DEBUG JstlView:371 - Added model object 'org.springframework.validation.BindingResult.user' of type [org.springframework.validation.BeanPropertyBindingResult] to request in view with name 'admin/users/create'
03:56:55,643 DEBUG JstlView:371 - Added model object 'user' of type [tyovuoro.model.User] to request in view with name 'admin/users/create'
03:56:55,643 DEBUG JstlView:236 - Forwarding to resource [/WEB-INF/views/admin/users/create.jsp] in InternalResourceView 'admin/users/create'
03:56:55,758 DEBUG DispatcherServlet:913 - Successfully completed request
03:56:55,784 DEBUG OpenSessionInViewFilter:126 - Closing Hibernate Session in OpenSessionInViewFilter
03:56:55,790 DEBUG DefaultListableBeanFactory:245 - Returning cached instance of singleton bean 'defExpressionHandler'
03:56:55,791 DEBUG RoleHierarchyImpl:117 - getReachableGrantedAuthorities() - From the roles [ROLE_ADMIN] one can reach [ROLE_ADMIN, ROLE_USER, ROLE_PHARMACY] in zero or more steps.
03:56:55,791 DEBUG DefaultListableBeanFactory:245 - Returning cached instance of singleton bean 'defExpressionHandler'
03:56:55,792 DEBUG DefaultListableBeanFactory:245 - Returning cached instance of singleton bean 'defExpressionHandler'
03:56:55,792 DEBUG RoleHierarchyImpl:117 - getReachableGrantedAuthorities() - From the roles [ROLE_ADMIN] one can reach [ROLE_ADMIN, ROLE_USER, ROLE_PHARMACY] in zero or more steps.
03:56:55,811 DEBUG ExceptionTranslationFilter:115 - Chain processed normally
03:56:55,811 DEBUG SecurityContextPersistenceFilter:97 - SecurityContextHolder now cleared, as request processing completed
